[    0.000000] Initializing cgroup subsys cpuset
[    0.000000] Initializing cgroup subsys cpu
[    0.000000] Initializing cgroup subsys cpuacct
[    0.000000] Linux version 4.4.0-83-generic (buildd@lgw01-29) (gcc version 5.4.0 20160609 (Ubuntu 5.4.0-6ubuntu1~16.04.4) ) #106-Ubuntu SMP Mon Jun 26 17:54:43 UTC 2017 (Ubuntu 4.4.0-83.106-generic 4.4.70)
[    0.000000] Command line: BOOT_IMAGE=/boot/vmlinuz-4.4.0-83-generic root=LABEL=cloudimg-rootfs ro console=tty1 console=ttyS0
[    0.000000] KERNEL supported cpus:
[    0.000000]   Intel GenuineIntel
[    0.000000]   AMD AuthenticAMD
[    0.000000]   Centaur CentaurHauls
[    0.000000] x86/fpu: xstate_offset[2]:  576, xstate_sizes[2]:  256
[    0.000000] x86/fpu: Supporting XSAVE feature 0x01: 'x87 floating point registers'
[    0.000000] x86/fpu: Supporting XSAVE feature 0x02: 'SSE registers'
[    0.000000] x86/fpu: Supporting XSAVE feature 0x04: 'AVX registers'
[    0.000000] x86/fpu: Enabled xstate features 0x7, context size is 832 bytes, using 'standard' format.
[    0.000000] x86/fpu: Using 'lazy' FPU context switches.
[    0.000000] e820: BIOS-provided physical RAM map:
[    0.000000] BIOS-e820: [mem 0x0000000000000000-0x000000000009fbff] usable
[    0.000000] BIOS-e820: [mem 0x000000000009fc00-0x000000000009ffff] reserved
[    0.000000] BIOS-e820: [mem 0x00000000000f0000-0x00000000000fffff] reserved
[    0.000000] BIOS-e820: [mem 0x0000000000100000-0x000000003ffeffff] usable
[    0.000000] BIOS-e820: [mem 0x000000003fff0000-0x000000003fffffff] ACPI data
[    0.000000] BIOS-e820: [mem 0x00000000fec00000-0x00000000fec00fff] reserved
[    0.000000] BIOS-e820: [mem 0x00000000fee00000-0x00000000fee00fff] reserved
[    0.000000] BIOS-e820: [mem 0x00000000fffc0000-0x00000000ffffffff] reserved
[    0.000000] NX (Execute Disable) protection: active
[    0.000000] SMBIOS 2.5 present.
[    0.000000] Hypervisor detected: KVM
[    0.000000] e820: last_pfn = 0x3fff0 max_arch_pfn = 0x400000000
[    0.000000] MTRR: Disabled
[    0.000000] x86/PAT: MTRRs disabled, skipping PAT initialization too.
[    0.000000] x86/PAT: Configuration [0-7]: WB  WT  UC- UC  WB  WT  UC- UC  
[    0.000000] CPU MTRRs all blank - virtualized system.
[    0.000000] found SMP MP-table at [mem 0x0009fff0-0x0009ffff] mapped at [ffff88000009fff0]
[    0.000000] Scanning 1 areas for low memory corruption
[    0.000000] RAMDISK: [mem 0x36aea000-0x3756cfff]
[    0.000000] ACPI: Early table checksum verification disabled
[    0.000000] ACPI: RSDP 0x00000000000E0000 000024 (v02 VBOX  )
[    0.000000] ACPI: XSDT 0x000000003FFF0030 00003C (v01 VBOX   VBOXXSDT 00000001 ASL  00000061)
[    0.000000] ACPI: FACP 0x000000003FFF00F0 0000F4 (v04 VBOX   VBOXFACP 00000001 ASL  00000061)
[    0.000000] ACPI: DSDT 0x000000003FFF0470 0021C8 (v02 VBOX   VBOXBIOS 00000002 INTL 20100528)
[    0.000000] ACPI: FACS 0x000000003FFF0200 000040
[    0.000000] ACPI: FACS 0x000000003FFF0200 000040
[    0.000000] ACPI: APIC 0x000000003FFF0240 00005C (v02 VBOX   VBOXAPIC 00000001 ASL  00000061)
[    0.000000] ACPI: SSDT 0x000000003FFF02A0 0001CC (v01 VBOX   VBOXCPUT 00000002 INTL 20100528)
[    0.000000] No NUMA configuration found
[    0.000000] Faking a node at [mem 0x0000000000000000-0x000000003ffeffff]
[    0.000000] NODE_DATA(0) allocated [mem 0x3ffeb000-0x3ffeffff]
[    0.000000] kvm-clock: Using msrs 4b564d01 and 4b564d00
[    0.000000] kvm-clock: cpu 0, msr 0:3ffe3001, primary cpu clock
[    0.000000] kvm-clock: using sched offset of 3988548888 cycles
[    0.000000] clocksource: kvm-clock: mask: 0xffffffffffffffff max_cycles: 0x1cd42e4dffb, max_idle_ns: 881590591483 ns
[    0.000000] Zone ranges:
[    0.000000]   DMA      [mem 0x0000000000001000-0x0000000000ffffff]
[    0.000000]   DMA32    [mem 0x0000000001000000-0x000000003ffeffff]
[    0.000000]   Normal   empty
[    0.000000]   Device   empty
[    0.000000] Movable zone start for each node
[    0.000000] Early memory node ranges
[    0.000000]   node   0: [mem 0x0000000000001000-0x000000000009efff]
[    0.000000]   node   0: [mem 0x0000000000100000-0x000000003ffeffff]
[    0.000000] Initmem setup node 0 [mem 0x0000000000001000-0x000000003ffeffff]
[    0.000000] ACPI: PM-Timer IO Port: 0x4008
[    0.000000] IOAPIC[0]: apic_id 2, version 32, address 0xfec00000, GSI 0-23
[    0.000000] ACPI: INT_SRC_OVR (bus 0 bus_irq 0 global_irq 2 dfl dfl)
[    0.000000] ACPI: INT_SRC_OVR (bus 0 bus_irq 9 global_irq 9 high level)
[    0.000000] Using ACPI (MADT) for SMP configuration information
[    0.000000] smpboot: Allowing 2 CPUs, 0 hotplug CPUs
[    0.000000] PM: Registered nosave memory: [mem 0x00000000-0x00000fff]
[    0.000000] PM: Registered nosave memory: [mem 0x0009f000-0x0009ffff]
[    0.000000] PM: Registered nosave memory: [mem 0x000a0000-0x000effff]
[    0.000000] PM: Registered nosave memory: [mem 0x000f0000-0x000fffff]
[    0.000000] e820: [mem 0x40000000-0xfebfffff] available for PCI devices
[    0.000000] Booting paravirtualized kernel on KVM
[    0.000000] clocksource: refined-jiffies: mask: 0xffffffff max_cycles: 0xffffffff, max_idle_ns: 7645519600211568 ns
[    0.000000] setup_percpu: NR_CPUS:512 nr_cpumask_bits:512 nr_cpu_ids:2 nr_node_ids:1
[    0.000000] PERCPU: Embedded 33 pages/cpu @ffff88003fc00000 s98264 r8192 d28712 u1048576
[    0.000000] PV qspinlock hash table entries: 256 (order: 0, 4096 bytes)
[    0.000000] Built 1 zonelists in Node order, mobility grouping on.  Total pages: 257913
[    0.000000] Policy zone: DMA32
[    0.000000] Kernel command line: BOOT_IMAGE=/boot/vmlinuz-4.4.0-83-generic root=LABEL=cloudimg-rootfs ro console=tty1 console=ttyS0
[    0.000000] PID hash table entries: 4096 (order: 3, 32768 bytes)
[    0.000000] Memory: 1001812K/1048120K available (8469K kernel code, 1294K rwdata, 3984K rodata, 1488K init, 1316K bss, 46308K reserved, 0K cma-reserved)
[    0.000000] SLUB: HWalign=64, Order=0-3, MinObjects=0, CPUs=2, Nodes=1
[    0.000000] Hierarchical RCU implementation.
[    0.000000] 	Build-time adjustment of leaf fanout to 64.
[    0.000000] 	RCU restricting CPUs from NR_CPUS=512 to nr_cpu_ids=2.
[    0.000000] RCU: Adjusting geometry for rcu_fanout_leaf=64, nr_cpu_ids=2
[    0.000000] NR_IRQS:33024 nr_irqs:440 16
[    0.000000] Console: colour VGA+ 80x25
[    0.000000] console [tty1] enabled
[    0.000000] console [ttyS0] enabled
[    0.000000] tsc: Detected 2095.248 MHz processor
[    0.889454] Calibrating delay loop (skipped) preset value.. 4190.49 BogoMIPS (lpj=8380992)
[    0.896210] pid_max: default: 32768 minimum: 301
[    0.924623] ACPI: Core revision 20150930
[    0.928851] ACPI: 2 ACPI AML tables successfully acquired and loaded
[    0.949982] Security Framework initialized
[    0.966423] Yama: becoming mindful.
[    0.977601] AppArmor: AppArmor initialized
[    0.989332] Dentry cache hash table entries: 131072 (order: 8, 1048576 bytes)
[    1.014182] Inode-cache hash table entries: 65536 (order: 7, 524288 bytes)
[    1.036077] Mount-cache hash table entries: 2048 (order: 2, 16384 bytes)
[    1.095144] Mountpoint-cache hash table entries: 2048 (order: 2, 16384 bytes)
[    1.115680] Initializing cgroup subsys io
[    1.145669] Initializing cgroup subsys memory
[    1.153792] Initializing cgroup subsys devices
[    1.155535] Initializing cgroup subsys freezer
[    1.157548] Initializing cgroup subsys net_cls
[    1.159497] Initializing cgroup subsys perf_event
[    1.166617] Initializing cgroup subsys net_prio
[    1.185869] Initializing cgroup subsys hugetlb
[    1.197616] Initializing cgroup subsys pids
[    1.199694] CPU: Physical Processor ID: 0
[    1.202519] CPU: Processor Core ID: 0
[    1.204020] mce: CPU supports 0 MCE banks
[    1.206002] Last level iTLB entries: 4KB 512, 2MB 8, 4MB 8
[    1.208269] Last level dTLB entries: 4KB 512, 2MB 32, 4MB 32, 1GB 0
[    1.214027] Freeing SMP alternatives memory: 32K (ffffffff820b9000 - ffffffff820c1000)
[    1.242599] ftrace: allocating 32129 entries in 126 pages
[    1.372313] smpboot: APIC(0) Converting physical 0 to logical package 0
[    1.383972] smpboot: Max logical packages: 1
[    1.386255] x2apic enabled
[    1.389757] Switched APIC routing to physical x2apic.
[    1.393369] ..TIMER: vector=0x30 apic1=0 pin1=2 apic2=-1 pin2=-1
[    1.524786] smpboot: CPU0: Intel(R) Core(TM) i3-2310M CPU @ 2.10GHz (family: 0x6, model: 0x2a, stepping: 0x7)
[    1.612883] Performance Events: unsupported p6 CPU model 42 no PMU driver, software events only.
[    1.641408] KVM setup paravirtual spinlock
[    1.647969] x86: Booting SMP configuration:
[    1.658947] .... node  #0, CPUs:      #1
[    1.678357] kvm-clock: cpu 1, msr 0:3ffe3041, secondary cpu clock
[    1.685826] mce: CPU supports 0 MCE banks
[    1.696544] x86: Booted up 1 node, 2 CPUs
[    1.698486] smpboot: Total of 2 processors activated (8380.99 BogoMIPS)
[    1.731713] devtmpfs: initialized
[    1.753657] evm: security.selinux
[    1.760420] evm: security.SMACK64
[    1.762138] evm: security.SMACK64EXEC
[    1.763841] evm: security.SMACK64TRANSMUTE
[    1.774061] evm: security.SMACK64MMAP
[    1.811774] evm: security.ima
[    1.813027] evm: security.capability
[    1.814826] clocksource: jiffies: mask: 0xffffffff max_cycles: 0xffffffff, max_idle_ns: 7645041785100000 ns
[    1.827964] futex hash table entries: 512 (order: 3, 32768 bytes)
[    1.831846] pinctrl core: initialized pinctrl subsystem
[    1.866598] RTC time: 14:13:14, date: 07/13/17
[    1.879415] NET: Registered protocol family 16
[    1.901558] cpuidle: using governor ladder
[    1.992925] cpuidle: using governor menu
[    2.026362] PCCT header not found.
[    2.028758] ACPI: bus type PCI registered
[    2.088934] acpiphp: ACPI Hot Plug PCI Controller Driver version: 0.5
[    2.100065] PCI: Using configuration type 1 for base access
[    2.122319] ACPI: Added _OSI(Module Device)
[    2.151298] ACPI: Added _OSI(Processor Device)
[    2.166667] ACPI: Added _OSI(3.0 _SCP Extensions)
[    2.180436] ACPI: Added _OSI(Processor Aggregator Device)
[    2.193063] ACPI: Executed 1 blocks of module-level executable AML code
[    2.213595] ACPI: Interpreter enabled
[    2.221523] ACPI: (supports S0 S5)
[    2.230166] ACPI: Using IOAPIC for interrupt routing
[    2.264667] PCI: Using host bridge windows from ACPI; if necessary, use "pci=nocrs" and report a bug
[    2.281520] ACPI: PCI Root Bridge [PCI0] (domain 0000 [bus 00-ff])
[    2.298321] acpi PNP0A03:00: _OSC: OS supports [ASPM ClockPM Segments MSI]
[    2.300252] acpi PNP0A03:00: _OSC failed (AE_NOT_FOUND); disabling ASPM
[    2.313842] acpi PNP0A03:00: fail to add MMCONFIG information, can't access extended PCI configuration space under this bridge.
[    2.317561] PCI host bridge to bus 0000:00
[    2.369858] pci_bus 0000:00: root bus resource [io  0x0000-0x0cf7 window]
[    2.394386] pci_bus 0000:00: root bus resource [io  0x0d00-0xffff window]
[    2.440233] pci_bus 0000:00: root bus resource [mem 0x000a0000-0x000bffff window]
[    2.496193] pci_bus 0000:00: root bus resource [mem 0x40000000-0xffdfffff window]
[    2.533902] pci_bus 0000:00: root bus resource [bus 00-ff]
[    2.562499] pci 0000:00:01.1: legacy IDE quirk: reg 0x10: [io  0x01f0-0x01f7]
[    2.585238] pci 0000:00:01.1: legacy IDE quirk: reg 0x14: [io  0x03f6]
[    2.587761] pci 0000:00:01.1: legacy IDE quirk: reg 0x18: [io  0x0170-0x0177]
[    2.590410] pci 0000:00:01.1: legacy IDE quirk: reg 0x1c: [io  0x0376]
[    2.618715] pci 0000:00:07.0: quirk: [io  0x4000-0x403f] claimed by PIIX4 ACPI
[    2.641661] pci 0000:00:07.0: quirk: [io  0x4100-0x410f] claimed by PIIX4 SMB
[    2.665365] ACPI: PCI Interrupt Link [LNKA] (IRQs 5 9 10 *11)
[    2.716226] ACPI: PCI Interrupt Link [LNKB] (IRQs 5 9 10 *11)
[    2.736536] ACPI: PCI Interrupt Link [LNKC] (IRQs 5 9 *10 11)
[    2.740857] ACPI: PCI Interrupt Link [LNKD] (IRQs 5 *9 10 11)
[    2.750983] ACPI: Enabled 2 GPEs in block 00 to 07
[    2.775876] vgaarb: setting as boot device: PCI:0000:00:02.0
[    2.781347] vgaarb: device added: PCI:0000:00:02.0,decodes=io+mem,owns=io+mem,locks=none
[    2.784659] vgaarb: loaded
[    2.787680] vgaarb: bridge control possible 0000:00:02.0
[    2.815967] SCSI subsystem initialized
[    2.862795] ACPI: bus type USB registered
[    2.868565] usbcore: registered new interface driver usbfs
[    2.899132] usbcore: registered new interface driver hub
[    2.910923] usbcore: registered new device driver usb
[    2.916870] PCI: Using ACPI for IRQ routing
[    2.938447] NetLabel: Initializing
[    2.951720] NetLabel:  domain hash size = 128
[    2.962953] NetLabel:  protocols = UNLABELED CIPSOv4
[    2.968201] NetLabel:  unlabeled traffic allowed by default
[    2.970044] amd_nb: Cannot enumerate AMD northbridges
[    2.981864] clocksource: Switched to clocksource kvm-clock
[    3.003862] AppArmor: AppArmor Filesystem Enabled
[    3.022240] pnp: PnP ACPI init
[    3.093461] pnp: PnP ACPI: found 3 devices
[    3.195784] clocksource: acpi_pm: mask: 0xffffff max_cycles: 0xffffff, max_idle_ns: 2085701024 ns
[    3.313994] NET: Registered protocol family 2
[    3.323666] TCP established hash table entries: 8192 (order: 4, 65536 bytes)
[    3.356181] TCP bind hash table entries: 8192 (order: 5, 131072 bytes)
[    3.377428] TCP: Hash tables configured (established 8192 bind 8192)
[    3.398008] UDP hash table entries: 512 (order: 2, 16384 bytes)
[    3.419698] UDP-Lite hash table entries: 512 (order: 2, 16384 bytes)
[    3.463997] NET: Registered protocol family 1
[    3.465631] pci 0000:00:00.0: Limiting direct PCI/PCI transfers
[    3.468248] pci 0000:00:01.0: Activating ISA DMA hang workarounds
[    3.474947] Unpacking initramfs...
[    6.482868] Freeing initrd memory: 10764K (ffff880036aea000 - ffff88003756d000)
[    6.505481] RAPL PMU detected, API unit is 2^-32 Joules, 3 fixed counters 10737418240 ms ovfl timer
[    6.550836] hw unit of domain pp0-core 2^-0 Joules
[    6.572082] hw unit of domain package 2^-0 Joules
[    6.597722] hw unit of domain pp1-gpu 2^-0 Joules
[    6.600775] platform rtc_cmos: registered platform RTC device (no PNP device found)
[    6.605774] Scanning for low memory corruption every 60 seconds
[    6.611322] audit: initializing netlink subsys (disabled)
[    6.654410] audit: type=2000 audit(1499955203.112:1): initialized
[    6.664123] Initialise system trusted keyring
[    6.683878] HugeTLB registered 2 MB page size, pre-allocated 0 pages
[    6.696919] zbud: loaded
[    6.701304] VFS: Disk quotas dquot_6.6.0
[    6.728764] VFS: Dquot-cache hash table entries: 512 (order 0, 4096 bytes)
[    6.739064] squashfs: version 4.0 (2009/01/31) Phillip Lougher
[    6.752112] fuse init (API version 7.23)
[    6.762602] Key type big_key registered
[    6.765841] Allocating IMA MOK and blacklist keyrings.
[    6.780305] Key type asymmetric registered
[    6.789852] Asymmetric key parser 'x509' registered
[    6.800677] Block layer SCSI generic (bsg) driver version 0.4 loaded (major 249)
[    6.806589] io scheduler noop registered
[    6.814616] io scheduler deadline registered (default)
[    6.844742] io scheduler cfq registered
[    6.858336] pci_hotplug: PCI Hot Plug PCI Core version: 0.5
[    6.889496] pciehp: PCI Express Hot Plug Controller Driver version: 0.4
[    6.902399] ACPI: AC Adapter [AC] (on-line)
[    6.915773] input: Power Button as /devices/LNXSYSTM:00/LNXPWRBN:00/input/input0
[    6.930048] ACPI: Power Button [PWRF]
[    6.939552] input: Sleep Button as /devices/LNXSYSTM:00/LNXSLPBN:00/input/input1
[    6.966488] ACPI: Sleep Button [SLPF]
[    6.969571] ACPI: Battery Slot [BAT0] (battery present)
[    6.974500] GHES: HEST is not enabled!
[    6.999782] Serial: 8250/16550 driver, 32 ports, IRQ sharing enabled
[    7.027903] 00:02: ttyS0 at I/O 0x3f8 (irq = 4, base_baud = 115200) is a 16550A
[    7.050277] Linux agpgart interface v0.103
[    7.074100] loop: module loaded
[    7.101761] scsi host0: ata_piix
[    7.108308] scsi host1: ata_piix
[    7.110954] ata1: PATA max UDMA/33 cmd 0x1f0 ctl 0x3f6 bmdma 0xd000 irq 14
[    7.114719] ata2: PATA max UDMA/33 cmd 0x170 ctl 0x376 bmdma 0xd008 irq 15
[    7.120271] libphy: Fixed MDIO Bus: probed
[    7.141570] tun: Universal TUN/TAP device driver, 1.6
[    7.153294] tun: (C) 1999-2004 Max Krasnyansky <maxk@qualcomm.com>
[    7.155819] PPP generic driver version 2.4.2
[    7.159126] ehci_hcd: USB 2.0 'Enhanced' Host Controller (EHCI) Driver
[    7.182129] ehci-pci: EHCI PCI platform driver
[    7.183782] ehci-platform: EHCI generic platform driver
[    7.192998] ohci_hcd: USB 1.1 'Open' Host Controller (OHCI) Driver
[    7.218879] ohci-pci: OHCI PCI platform driver
[    7.220620] ohci-platform: OHCI generic platform driver
[    7.225675] uhci_hcd: USB Universal Host Controller Interface driver
[    7.240330] i8042: PNP: PS/2 Controller [PNP0303:PS2K,PNP0f03:PS2M] at 0x60,0x64 irq 1,12
[    7.264230] serio: i8042 KBD port at 0x60,0x64 irq 1
[    7.268209] serio: i8042 AUX port at 0x60,0x64 irq 12
[    7.279656] mousedev: PS/2 mouse device common for all mice
[    7.371080] rtc_cmos rtc_cmos: rtc core: registered rtc_cmos as rtc0
[    7.423516] rtc_cmos rtc_cmos: alarms up to one day, 114 bytes nvram
[    7.425327] input: AT Translated Set 2 keyboard as /devices/platform/i8042/serio0/input/input2
[    7.457075] i2c /dev entries driver
[    7.459951] device-mapper: uevent: version 1.0.3
[    7.462758] device-mapper: ioctl: 4.34.0-ioctl (2015-10-28) initialised: dm-devel@redhat.com
[    7.465269] ledtrig-cpu: registered to indicate activity on CPUs
[    7.495400] NET: Registered protocol family 10
[    7.522166] NET: Registered protocol family 17
[    7.537214] Key type dns_resolver registered
[    7.539445] microcode: CPU0 sig=0x206a7, pf=0x10, revision=0x0
[    7.544219] microcode: CPU1 sig=0x206a7, pf=0x10, revision=0x0
[    7.560138] microcode: Microcode Update Driver: v2.01 <tigran@aivazian.fsnet.co.uk>, Peter Oruba
[    7.581294] registered taskstats version 1
[    7.599048] tsc: Refined TSC clocksource calibration: 2096.464 MHz
[    7.599051] clocksource: tsc: mask: 0xffffffffffffffff max_cycles: 0x1e38245d057, max_idle_ns: 440795285760 ns
[    7.643840] Loading compiled-in X.509 certificates
[    7.660294] Loaded X.509 cert 'Build time autogenerated kernel key: 35105354eb779045e4d9ad793dead39d5ee93f76'
[    7.692158] zswap: loaded using pool lzo/zbud
[    7.730016] Key type trusted registered
[    7.751153] Key type encrypted registered
[    7.765457] AppArmor: AppArmor sha1 policy hashing enabled
[    7.780724] ima: No TPM chip found, activating TPM-bypass!
[    7.783007] evm: HMAC attrs: 0x1
[    7.786719]   Magic number: 9:634:232
[    7.802478] rtc_cmos rtc_cmos: setting system clock to 2017-07-13 14:13:20 UTC (1499955200)
[    7.820881] BIOS EDD facility v0.16 2004-Jun-25, 0 devices found
[    7.828156] EDD information not available.
[    7.849759] Freeing unused kernel memory: 1488K (ffffffff81f45000 - ffffffff820b9000)
[    7.859918] Write protecting the kernel read-only data: 14336k
[    7.875185] Freeing unused kernel memory: 1760K (ffff880001848000 - ffff880001a00000)
[    7.904560] Freeing unused kernel memory: 112K (ffff880001de4000 - ffff880001e00000)
Loading, please wait...
starting version[    7.931708] random: systemd-udevd: uninitialized urandom read (16 bytes read, 3 bits of entropy available)
 229
[    7.932803] random: udevadm: uninitialized urandom read (16 bytes read, 3 bits of entropy available)
[    7.932936] random: udevadm: uninitialized urandom read (16 bytes read, 3 bits of entropy available)
[    7.933193] random: udevadm: uninitialized urandom read (16 bytes read, 3 bits of entropy available)
[    7.933284] random: udevadm: uninitialized urandom read (16 bytes read, 3 bits of entropy available)
[    7.933431] random: udevadm: uninitialized urandom read (16 bytes read, 3 bits of entropy available)
[    7.933543] random: udevadm: uninitialized urandom read (16 bytes read, 3 bits of entropy available)
[    7.933636] random: udevadm: uninitialized urandom read (16 bytes read, 3 bits of entropy available)
[    7.933726] random: udevadm: uninitialized urandom read (16 bytes read, 3 bits of entropy available)
[    7.933814] random: udevadm: uninitialized urandom read (16 bytes read, 3 bits of entropy available)
[    8.155254] Fusion MPT base driver 3.04.20
[    8.166939] Copyright (c) 1999-2008 LSI Corporation
[    8.172122] e1000: Intel(R) PRO/1000 Network Driver - version 7.3.21-k8-NAPI
[    8.189352] e1000: Copyright (c) 1999-2006 Intel Corporation.
[    8.258308] Fusion MPT SPI Host driver 3.04.20
[    8.436216] input: ImExPS/2 Generic Explorer Mouse as /devices/platform/i8042/serio1/input/input4
[    8.653677] e1000 0000:00:03.0 eth0: (PCI:33MHz:32-bit) 02:e8:c6:8a:e3:de
[    8.672307] e1000 0000:00:03.0 eth0: Intel(R) PRO/1000 Network Connection
[    8.688995] mptbase: ioc0: Initiating bringup
[    8.809172] ioc0: LSI53C1030 A0: Capabilities={Initiator}
[    9.021427] scsi host2: ioc0: LSI53C1030 A0, FwRev=00000000h, Ports=1, MaxQ=256, IRQ=20
[    9.175063] scsi 2:0:0:0: Direct-Access     VBOX     HARDDISK         1.0  PQ: 0 ANSI: 5
[    9.214580] scsi target2:0:0: Beginning Domain Validation
[    9.232768] scsi target2:0:0: Domain Validation skipping write tests
[    9.257339] scsi target2:0:0: Ending Domain Validation
[    9.260105] scsi target2:0:0: asynchronous
[    9.290059] scsi 2:0:1:0: Direct-Access     VBOX     HARDDISK         1.0  PQ: 0 ANSI: 5
[    9.314356] scsi target2:0:1: Beginning Domain Validation
[    9.336801] scsi target2:0:1: Domain Validation skipping write tests
[    9.363469] scsi target2:0:1: Ending Domain Validation
[    9.384886] scsi target2:0:1: asynchronous
[    9.415791] sd 2:0:0:0: Attached scsi generic sg0 type 0
[    9.454840] sd 2:0:0:0: [sda] 20971520 512-byte logical blocks: (10.7 GB/10.0 GiB)
[    9.479155] sd 2:0:1:0: Attached scsi generic sg1 type 0
[    9.483735] sd 2:0:1:0: [sdb] 20480 512-byte logical blocks: (10.5 MB/10.0 MiB)
[    9.484023] sd 2:0:1:0: [sdb] Write Protect is off
[    9.484208] sd 2:0:1:0: [sdb] Incomplete mode parameter data
[    9.484210] sd 2:0:1:0: [sdb] Assuming drive cache: write through
[    9.528391] sd 2:0:0:0: [sda] Write Protect is off
[    9.532117] sd 2:0:0:0: [sda] Incomplete mode parameter data
[    9.546280] sd 2:0:0:0: [sda] Assuming drive cache: write through
[    9.611955]  sda: sda1
[    9.626366] sd 2:0:1:0: [sdb] Attached SCSI disk
[    9.636992] sd 2:0:0:0: [sda] Attached SCSI disk
[    9.691885] e1000 0000:00:08.0 eth1: (PCI:33MHz:32-bit) 08:00:27:35:ff:7d
[    9.739434] e1000 0000:00:08.0 eth1: Intel(R) PRO/1000 Network Connection
[    9.746691] e1000 0000:00:08.0 enp0s8: renamed from eth1
[    9.774585] e1000 0000:00:03.0 enp0s3: renamed from eth0
[   11.222396] floppy0: no floppy controllers found
Begin: Loading essential drivers[   12.829417] md: linear personality registered for level -1
 ... [   12.839667] md: multipath personality registered for level -4
[   12.852328] md: raid0 personality registered for level 0
[   12.868222] md: raid1 personality registered for level 1
[   12.950208] raid6: sse2x1   gen()  4176 MB/s
[   13.026163] raid6: sse2x1   xor()  2773 MB/s
[   13.097952] raid6: sse2x2   gen()  4708 MB/s
[   13.169949] raid6: sse2x2   xor()  3929 MB/s
[   13.242081] raid6: sse2x4   gen()  6512 MB/s
[   13.333980] raid6: sse2x4   xor()  4490 MB/s
[   13.353571] raid6: using algorithm sse2x4 gen() 6512 MB/s
[   13.362196] raid6: .... xor() 4490 MB/s, rmw enabled
[   13.368758] raid6: using ssse3x2 recovery algorithm
[   13.386101] xor: automatically using best checksumming function:
[   13.457968]    avx       : 13187.000 MB/sec
[   13.469044] async_tx: api initialized (async)
[   13.537394] md: raid6 personality registered for level 6
[   13.555112] md: raid5 personality registered for level 5
[   13.579250] md: raid4 personality registered for level 4
[   13.607883] md: raid10 personality registered for level 10
done.
Begin: Running /scripts/init-premount ... done.
Begin: Mounting root file system ... Begin: Run[   13.680932] Btrfs loaded
ning /scripts/local-top ... done.
Begin: Running /scripts/local-premount ... Scanning for Btrfs filesystems
done.
Warning: fsck not present, so skipping root file system
[   13.932275] EXT4-fs (sda1): mounted filesystem with ordered data mode. Opts: (null)
done.
Begin: Running /scripts/local-bottom ... done.
Begin: Running /scripts/init-bottom ... done.
[   14.947308] random: nonblocking pool is initialized
[   15.028069] systemd[1]: systemd 229 running in system mode. (+PAM +AUDIT +SELINUX +IMA +APPARMOR +SMACK +SYSVINIT +UTMP +LIBCRYPTSETUP +GCRYPT +GNUTLS +ACL +XZ -LZ4 +SECCOMP +BLKID +ELFUTILS +KMOD -IDN)
[   15.075471] systemd[1]: Detected virtualization oracle.
[   15.079367] systemd[1]: Detected architecture x86-64.

Welcome to [1mUbuntu 16.04.2 LTS[0m!

[   15.188551] systemd[1]: Set hostname to <dhcp002>.
[   16.522444] systemd[1]: Listening on Journal Audit Socket.
[[0;32m  OK  [0m] Listening on Journal Audit Socket.
[   16.582329] systemd[1]: Reached target User and Group Name Lookups.
[[0;32m  OK  [0m] Reached target User and Group Name Lookups.
[   16.635174] systemd[1]: Set up automount Arbitrary Executable File Formats File System Automount Point.
[[0;32m  OK  [0m] Set up automount Arbitrary Executab...ats File System Automount Point.
[   16.714383] systemd[1]: Listening on Device-mapper event daemon FIFOs.
[[0;32m  OK  [0m] Listening on Device-mapper event daemon FIFOs.
[   16.758755] systemd[1]: Reached target Encrypted Volumes.
[[0;32m  OK  [0m] Reached target Encrypted Volumes.
[   16.835384] systemd[1]: Created slice System Slice.
[[0;32m  OK  [0m] Created slice System Slice.
[   16.926731] systemd[1]: Created slice system-serial\x2dgetty.slice.
[[0;32m  OK  [0m] Created slice system-serial\x2dgetty.slice.
[   16.999413] systemd[1]: Created slice User and Session Slice.
[[0;32m  OK  [0m] Created slice User and Session Slice.
[   17.082554] systemd[1]: Listening on udev Kernel Socket.
[[0;32m  OK  [0m] Listening on udev Kernel Socket.
[   17.166421] systemd[1]: Listening on Journal Socket.
[[0;32m  OK  [0m] Listening on Journal Socket.
[   17.238621] systemd[1]: Starting Set console keymap...
         Starting Set console keymap...
[   17.258474] systemd[1]: Mounting Debug File System...
         Mounting Debug File System...
[   17.292693] systemd[1]: Starting Create list of required static device nodes for the current kernel...
         Starting Create list of required st... nodes for the current kernel...
[   17.408406] systemd[1]: Reached target Swap.
[[0;32m  OK  [0m] Reached target Swap.
[   17.458289] systemd[1]: Listening on LVM2 metadata daemon socket.
[[0;32m  OK  [0m] Listening on LVM2 metadata daemon socket.
[   17.518841] systemd[1]: Listening on Journal Socket (/dev/log).
[[0;32m  OK  [0m] Listening on Journal Socket (/dev/log).
[   17.582246] systemd[1]: Starting Nameserver information manager...
         Starting Nameserver information manager...
[   17.670223] systemd[1]: Starting Load Kernel Modules...
         Starting Load Kernel Modules...
[   17.725992] systemd[1]: Reached target Slices.
[[0;32m  OK  [0m] Reached target Slices.
[   17.751166] systemd[1]: Started Forward Password Requests to Wall Directory Watch.
[[0;32m  OK  [0m] Started Forward Password Requests to Wall Dir[   17.843008] Loading iSCSI transport class v2.0-870.
ectory Watch.
[   17.911359] systemd[1]: Starting Uncomplicated firewall...
         Starting Uncomplicated firewall...
[   17.998121] iscsi: registered transport (tcp)
[   18.019666] systemd[1]: Listening on udev Control Socket.
[[0;32m  OK  [0m] Listening on udev Control Socket.
[   18.058343] systemd[1]: Started Trigger resolvconf update for networkd DNS.
[[0;32m  OK  [0m] Started Trigger resolvconf update for networkd DNS.
[   18.095925] systemd[1]: Listening on LVM2 poll daemon socket.
[[0;32m  OK  [0m] Listening on [   18.127199] iscsi: registered transport (iser)
LVM2 poll daemon socket.
[   18.206634] systemd[1]: Starting Monitoring of LVM2 mirrors, snapshots etc. using dmeventd or progress polling...
         Starting Monitoring of LVM2 mirrors... dmeventd or progress polling...
[   18.342409] systemd[1]: Mounting Huge Pages File System...
         Mounting Huge Pages File System...
[   18.389208] systemd[1]: Starting Remount Root and Kernel File Systems...
         Starting Remount[   18.418994] EXT4-fs (sda1): re-mounted. Opts: (null)
 Root and Kernel File Systems...
[   18.433523] systemd[1]: Listening on /dev/initctl Compatibility Named Pipe.
[[0;32m  OK  [0m] Listening on /dev/initctl Compatibility Named Pipe.
[   18.463912] systemd[1]: Listening on Syslog Socket.
[[0;32m  OK  [0m] Listening on Syslog Socket.
[   18.506994] systemd[1]: Starting Journal Service...
         Starting Journal Service...
[   18.574406] systemd[1]: Mounting POSIX Message Queue File System...
         Mounting POSIX Message Queue File System...
[   18.604098] systemd[1]: Mounted Huge Pages File System.
[[0;32m  OK  [0m] Mounted Huge Pages File System.
[   18.693809] systemd[1]: Mounted POSIX Message Queue File System.
[[0;32m  OK  [0m] Mounted POSIX Message Queue File System.
[   18.734810] systemd[1]: Mounted Debug File System.
[[0;32m  OK  [0m] Mounted Debug File System.
[   18.768812] systemd[1]: Started Journal Service.
[[0;32m  OK  [0m] Started Journal Service.
[[0;32m  OK  [0m] Started Set console keymap.
[[0;32m  OK  [0m] Started Create list of required sta...ce nodes for the current kernel.
[[0;32m  OK  [0m] Started Load Kernel Modules.
[[0;32m  OK  [0m] Started Uncomplicated firewall.
[[0;32m  OK  [0m] Started Remount Root and Kernel File Systems.
[[0;32m  OK  [0m] Started Nameserver information manager.
[[0;32m  OK  [0m] Started LVM2 metadata daemon.
         Starting Initial cloud-init job (pre-networking)...
         Starting Load/Save Random Seed...
         Starting udev Coldplug all Devices...
         Mounting FUSE Control File System...
         Starting Apply Kernel Variables...
         Starting Create Static Device Nodes in /dev...
         Starting Flush Journal to Persistent Storage...
[[0;32m  OK  [0m] Mounted FUSE Control File System.
[[0;32m  OK  [0m] Started Load/Save Random Seed.
[[0;32m  OK  [0m] Started Apply Kernel Variables.
[[0;32m  OK  [0m] Started udev Coldplug all Devices.
[[0;32m  OK  [0m] Started Create Static Device Nodes in /dev.
[[0;32m  OK  [0m] Started Monitoring of LVM2 mirrors,...ng dmeventd or progress polling.
[[0;32m  OK  [0m] Started Flush Journal to Persistent Storage.
         Starting udev Kernel Device Manager...
[[0;32m  OK  [0m] Started udev Kernel Device Manager.
[[0;32m  OK  [0m] Started Dispatch Password Requests to Console Directory Watch.
[[0;32m  OK  [0m] Reached target Local File Systems (Pre).
[[0;32m  OK  [0m] Reached target Local File Systems.
         Starting Tell Plymouth To Write Out Runtime Data...
         Starting Set console font and keymap...
         Starting LSB: AppArmor initialization...
         Starting Create Volatile Files and Directories...
[[0;32m  OK  [0m] Found device /dev/ttyS0.
[[0;32m  OK  [0m] Started Create Volatile Files and Directories.
         Starting Update UTMP about System Boot/Shutdown...
[[0;32m  OK  [0m] Reached target System Time Synchronized.
[[0;32m  OK  [0m] Started Update UTMP about System Boot/Shutdown.
[[0;32m  OK  [0m] Started Tell Plymouth To Write Out Runtime Data.
[[0;32m  OK  [0m] Started Set console font and keymap.
[[0;32m  OK  [0m] Created slice system-getty.slice.
[[0;32m  OK  [0m] Found device 82540EM Gigabit Ethern...r (PRO/1000 MT Desktop Adapter).
[[0;32m  OK  [0m] Found device 82540EM Gigabit Ethern...r (PRO/1000 MT Desktop Adapter).
[[0;32m  OK  [0m] Listening on Load/Save RF Kill Switch Status /dev/rfkill Watch.
[[0;32m  OK  [0m] Started LSB: AppArmor initialization.
[   24.173557] cloud-init[420]: Cloud-init v. 0.7.9 running 'init-local' at Thu, 13 Jul 2017 14:13:38 +0000. Up 23.38 seconds.
[[0;32m  OK  [0m] Started Initial cloud-init job (pre-networking).
[[0;32m  OK  [0m] Reached target Network (Pre).
         Starting Raise network interfaces...
[[0;32m  OK  [0m] Started ifup for enp0s8.
[[0;32m  OK  [0m] Started ifup for enp0s3.
[[0;32m  OK  [0m] Started Raise network interfaces.
[[0;32m  OK  [0m] Reached target Network.
         Starting Initial cloud-init job (metadata service crawler)...
[   26.577040] cloud-init[1036]: Cloud-init v. 0.7.9 running 'init' at Thu, 13 Jul 2017 14:13:40 +0000. Up 25.65 seconds.
[   26.626460] cloud-init[1036]: ci-info: ++++++++++++++++++++++++++++++++++++++Net device info++++++++++++++++++++++++++++++++++++++
[   26.694107] cloud-init[1036]: ci-info: +--------+------+-----------------------------+---------------+-------+-------------------+
[   26.694750] cloud-init[1036]: ci-info: | Device |  Up  |           Address           |      Mask     | Scope |     Hw-Address    |
[[0;32m  OK  [0m] Started Initial cloud-init job (metadata service crawler).
[   26.695092] cloud-init[1036]: ci-info: +--------+------+-----------------------------+---------------+-------+-------------------+
[   26.811290] cloud-init[1036]: ci-info: |   lo   | True |          127.0.0.1          |   255.0.0.0   |   .   |         .         |
[   26.811841] cloud-init[1036]: ci-info: |   lo   | True |           ::1/128           |       .       |  host |         .         |
[[0;32m  OK  [0m] Reached target Cloud-config availability.
[   26.812245] cloud-init[1036]: ci-info: | enp0s8 | True |         172.16.60.2         | 255.255.255.0 |   .   | 08:00:27:35:ff:7d |
[   27.049569] cloud-init[1036]: ci-info: | enp0s8 | True | fe80::a00:27ff:fe35:ff7d/64 |       .       |  link | 08:00:27:35:ff:7d |
[[0;32m  OK  [0m] Reached target System Initialization.
[   27.049852] cloud-init[1036]: ci-info: | enp0s3 | True |          10.0.2.15          | 255.255.255.0 |   .   | 02:e8:c6:8a:e3:de |
[   27.517277] cloud-init[1036]: ci-info: | enp0s3 | True |  fe80::e8:c6ff:fe8a:e3de/64 |       .       |  link | 02:e8:c6:8a:e3:de |
[   27.518021] cloud-init[1036]: ci-info: +--------+------+-----------------------------+---------------+-------+-------------------+
[[0;32m  OK  [0m] Started ACPI Events Check.
[   27.518332] cloud-init[1036]: ci-info: +++++++++++++++++++++++++++Route IPv4 info++++++++++++++++++++++++++++
[   27.777770] cloud-init[1036]: ci-info: +-------+-------------+----------+---------------+-----------+-------+
[[0;32m  OK  [0m] Reached target Paths.
[   27.777999] cloud-init[1036]: ci-info: | Route | Destination | Gateway  |    Genmask    | Interface | Flags |
[   28.129379] cloud-init[1036]: ci-info: +-------+-------------+----------+---------------+-----------+-------+
[   28.130108] cloud-init[1036]: ci-info: |   0   |   0.0.0.0   | 10.0.2.2 |    0.0.0.0    |   enp0s3  |   UG  |
[[0;32m  OK  [0m] Started Daily apt activities.
[   28.130461] cloud-init[1036]: ci-info: |   1   |   10.0.2.0  | 0.0.0.0  | 255.255.255.0 |   enp0s3  |   U   |
[   28.304213] cloud-init[1036]: ci-info: |   2   | 172.16.60.0 | 0.0.0.0  | 255.255.255.0 |   enp0s8  |   U   |
[[0;32m  OK  [0m] Listening on D-Bus System Message Bus Socket.
[   28.304432] cloud-init[1036]: ci-info: +-------+-------------+----------+---------------+-----------+-------+
         Starting LXD - unix socket.
[[0;32m  OK  [0m] Started Daily Cleanup of Temporary Directories.
[[0;32m  OK  [0m] Listening on UUID daemon activation socket.
[[0;32m  OK  [0m] Started Timer to automatically refresh installed snaps.
[[0;32m  OK  [0m] Reached target Timers.
[[0;32m  OK  [0m] Listening on ACPID Listen Socket.
         Starting Socket activation for snappy daemon.
[[0;32m  OK  [0m] Reached target Network is Online.
         Starting iSCSI initiator daemon (iscsid)...
[[0;32m  OK  [0m] Listening on LXD - unix socket.
[[0;32m  OK  [0m] Listening on Socket activation for snappy daemon.
[[0;32m  OK  [0m] Reached target Sockets.
[[0;32m  OK  [0m] Reached target Basic System.
[[0;32m  OK  [0m] Started ACPI event daemon.
         Starting Login Service...
         Starting LSB: MD monitoring daemon...
[[0;32m  OK  [0m] Started Unattended Upgrades Shutdown.
[[0;32m  OK  [0m] Started ISC DHCP IPv4 server.
[[0;32m  OK  [0m] Started Deferred execution scheduler.
         Starting Accounts Service...
         Starting vboxadd-x11.service...
[[0;32m  OK  [0m] Started FUSE filesystem for LXC.
         Starting vboxadd.service...
[[0;32m  OK  [0m] Started Regular background program processing daemon.
         Starting Apply the settings specified in cloud-config...
[[0;32m  OK  [0m] Started D-Bus System Message Bus.
         Starting LSB: Record successful boot for GRUB...
         Starting OpenBSD Secure Shell server...
[[0;32m  OK  [0m] Started Snappy daemon.
         Starting Auto import assertions from block devices...
         Starting System Logging Service...
         Starting /etc/rc.local Compatibility...
         Starting LXD - container startup/shutdown...
[[0;32m  OK  [0m] Started vboxadd-x11.service.
[[0;32m  OK  [0m] Started Auto import assertions from block devices.
[[0;32m  OK  [0m] Started /etc/rc.local Compatibility.
[[0;32m  OK  [0m] Started iSCSI initiator daemon (iscsid).
[[0;32m  OK  [0m] Started vboxadd.service.
[   30.619068] cloud-init[1118]: Cloud-init v. 0.7.9 running 'modules:config' at Thu, 13 Jul 2017 14:13:45 +0000. Up 30.09 seconds.
[[0;32m  OK  [0m] Started Apply the settings specified in cloud-config.
[[0;32m  OK  [0m] Started Login Service.
[[0;32m  OK  [0m] Started LSB: MD monitoring daemon.
         Starting Authenticate and Authorize Users to Run Privileged Tasks...
         Starting vboxadd-service.service...
         Starting Login to default iSCSI targets...
[[0;32m  OK  [0m] Started Login to default iSCSI targets.
[[0;32m  OK  [0m] Reached target Remote File Systems (Pre).
[[0;32m  OK  [0m] Reached target Remote File Systems.
         Starting LSB: automatic crash report generation...
         Starting LSB: daemon to balance interrupts for SMP systems...
         Starting Permit User Sessions...
         Starting LSB: Set the CPU Frequency Scaling governor to "ondemand"...
[[0;32m  OK  [0m] Started OpenBSD Secure Shell server.
[[0;32m  OK  [0m] Started System Logging Service.
[[0;32m  OK  [0m] Started vboxadd-service.service.
[[0;32m  OK  [0m] Started Permit User Sessions.
[[0;32m  OK  [0m] Started Authenticate and Authorize Users to Run Privileged Tasks.
[[0;32m  OK  [0m] Started Accounts Service.
[[0;32m  OK  [0m] Started LSB: Record successful boot for GRUB.
[[0;32m  OK  [0m] Started LSB: Set the CPU Frequency Scaling governor to "ondemand".
         Starting Hold until boot process finishes up...
         Starting Terminate Plymouth Boot Screen...
[[0;32m  OK  [0m] Started LSB: automatic crash report generation.
[[0;32m  OK  [0m] Started LSB: daemon to balance interrupts for SMP systems.
[[0;32m  OK  [0m] Started Hold until boot process finishes up.
[[0;32m  OK  [0m] Started Terminate Plymouth Boot Screen.
[[0;32m  OK  [0m] Started Serial Getty on ttyS0.
         Starting Set console scheme...
[[0;32m  OK  [0m] Started Getty on tty1.
[[0;32m  OK  [0m] Reached target Login Prompts.
[[0;32m  OK  [0m] Started Set console scheme.
[[0;32m  OK  [0m] Created slice User Slice of ubuntu.
[[0;32m  OK  [0m] Started Session 1 of user ubuntu.
         Starting User Manager for UID 1000...
[[0;32m  OK  [0m] Started User Manager for UID 1000.
[[0;32m  OK  [0m] Started LXD - container startup/shutdown.
[[0;32m  OK  [0m] Reached target Multi-User System.
[[0;32m  OK  [0m] Reached target Graphical Interface.
         Starting Update UTMP about System Runlevel Changes...
         Starting Execute cloud user/final scripts...
[[0;32m  OK  [0m] Started Update UTMP about System Runlevel Changes.
[   34.650598] cloud-init[1405]: Cloud-init v. 0.7.9 running 'modules:final' at Thu, 13 Jul 2017 14:13:49 +0000. Up 34.44 seconds.
[[0;32m  OK  [0m] Started Execute cloud user/final scripts.
[   34.727510] cloud-init[1405]: Cloud-init v. 0.7.9 finished at Thu, 13 Jul 2017 14:13:49 +0000. Datasource DataSourceNoCloud [seed=/dev/sdb][dsmode=net].  Up 34.63 seconds
[[0;32m  OK  [0m] Reached target Cloud-init target.

Ubuntu 16.04.2 LTS dhcp002 ttyS0

dhcp002 login: 